<?xml version="1.0" encoding="UTF-8"?>
<!-- Generated by org.testng.reporters.JUnitReportReporter -->
<testsuite hostname="RajuG" name="Selenium.Demo_casestudy" tests="1" failures="0" timestamp="20 Oct 2022 07:10:02 GMT" time="23.161" errors="0">
  <testcase name="testcase1" time="23.161" classname="Selenium.Demo_casestudy"/>
</testsuite> <!-- Selenium.Demo_casestudy -->
